Arguments: 
  /Users/dimitrislivas/.nvm/versions/node/v10.10.0/bin/node /usr/local/Cellar/yarn/1.7.0/libexec/bin/yarn.js install

PATH: 
  /Library/Frameworks/Python.framework/Versions/3.6/bin:/Users/dimitrislivas/.local/bin:/Library/Haskell/bin:/Users/dimitrislivas/go-ipfs:/Users/dimitrislivas/.nvm/versions/node/v10.10.0/bin:/usr/local/bin:/usr/bin:/bin:/usr/sbin:/sbin:/usr/local/go/bin

Yarn version: 
  1.7.0

Node version: 
  10.10.0

Platform: 
  darwin x64

Trace: 
  Error: getaddrinfo ENOTFOUND registry.yarnpkg.com registry.yarnpkg.com:443
      at GetAddrInfoReqWrap.onlookup [as oncomplete] (dns.js:57:26)

npm manifest: 
  {
    "name": "rxapp",
    "version": "1.0.0",
    "description": "",
    "main": "index.js",
    "scripts": {
      "build": "webpack",
      "start": "concurrently --kill-others \"npm run dev\"",
      "dev": "webpack-serve",
      "start-server": "nodemon server.js",
      "test": "echo \"Error: no test specified\" && exit 1"
    },
    "repository": {
      "type": "git",
      "url": "git+https://github.com/rvpanoz/rxapp.git"
    },
    "keywords": [],
    "author": "",
    "license": "ISC",
    "bugs": {
      "url": "https://github.com/rvpanoz/rxapp/issues"
    },
    "homepage": "https://github.com/rvpanoz/rxapp#readme",
    "resolutions": {
      "**/rxjs": "6.3.2"
    },
    "devDependencies": {
      "@babel/core": "^7.1.0",
      "@babel/node": "^7.0.0",
      "@babel/plugin-proposal-class-properties": "^7.1.0",
      "@babel/preset-env": "^7.0.0",
      "@babel/preset-react": "^7.0.0",
      "babel-cli": "^6.26.0",
      "babel-loader": "^8.0.0-beta.6",
      "babel-polyfill": "^6.26.0",
      "babel-preset-env": "^1.7.0",
      "babel-preset-es2015": "^6.24.1",
      "concurrently": "^4.0.1",
      "css-loader": "^1.0.0",
      "express": "^4.16.3",
      "html-webpack-plugin": "^3.2.0",
      "style-loader": "^0.23.0",
      "webpack": "^4.18.1",
      "webpack-cli": "^3.1.0",
      "webpack-merge": "^4.1.4",
      "webpack-serve": "^2.0.2"
    },
    "dependencies": {
      "@material-ui/core": "^3.1.1",
      "@material-ui/icons": "^3.0.1",
      "babel-plugin-module-resolver": "^3.1.1",
      "body-parser": "^1.18.3",
      "classnames": "^2.2.6",
      "prop-types": "^15.6.2",
      "ramda": "^0.25.0",
      "react": "^16.5.2",
      "react-dom": "^16.5.2",
      "react-redux": "^5.0.7",
      "react-router-dom": "^4.3.1",
      "redux": "^4.0.0",
      "redux-observable": "^1.0.0",
      "rxjs": "^6.3.2",
      "rxjs-compat": "^6.3.2"
    }
  }

yarn manifest: 
  No manifest

Lockfile: 
  No lockfile
